# JRE version: OpenJDK Runtime Environment (17.0.6) (build 17.0.6+0-b2043.56-9586694)
# Java VM: OpenJDK 64-Bit Server VM (17.0.6+0-b2043.56-9586694, mixed mode, tiered, compressed oops, compressed class ptrs, g1 gc, windows-amd64)
GC Precious Log:
 CPUs: 20 total, 20 available
 Memory: 16125M
 Large Page Support: Disabled
 NUMA Support: Disabled
 Compressed Oops: Enabled (32-bit)
 Heap Region Size: 1M
 Heap Min Capacity: 8M
 Heap Initial Capacity: 252M
 Heap Max Capacity: 1536M
 Pre-touch: Disabled
 Parallel Workers: 15
 Concurrent Workers: 4
 Concurrent Refinement Workers: 15
 Periodic GC: Disabled
Heap:
 garbage-first heap   total 224256K, used 154523K [0x00000000a0000000, 0x0000000100000000)
  region size 1024K, 22 young (22528K), 2 survivors (2048K)
 Metaspace       used 96723K, committed 97728K, reserved 1138688K
  class space    used 13028K, committed 13440K, reserved 1048576K
GC Heap History (20 events):
Event: 9.078 GC heap before
{Heap before GC invocations=29 (full 0):
 garbage-first heap   total 150528K, used 97621K [0x00000000a0000000, 0x0000000100000000)
  region size 1024K, 7 young (7168K), 6 survivors (6144K)
 Metaspace       used 83802K, committed 84544K, reserved 1122304K
  class space    used 11300K, committed 11648K, reserved 1048576K
}
Event: 9.083 GC heap after
{Heap after GC invocations=30 (full 0):
 garbage-first heap   total 150528K, used 97811K [0x00000000a0000000, 0x0000000100000000)
  region size 1024K, 1 young (1024K), 1 survivors (1024K)
 Metaspace       used 83802K, committed 84544K, reserved 1122304K
  class space    used 11300K, committed 11648K, reserved 1048576K
}
Event: 9.100 GC heap before
{Heap before GC invocations=30 (full 0):
 garbage-first heap   total 150528K, used 98835K [0x00000000a0000000, 0x0000000100000000)
  region size 1024K, 3 young (3072K), 1 survivors (1024K)
 Metaspace       used 83869K, committed 84608K, reserved 1122304K
  class space    used 11311K, committed 11648K, reserved 1048576K
}
Event: 9.101 GC heap after
{Heap after GC invocations=31 (full 0):
 garbage-first heap   total 202752K, used 97859K [0x00000000a0000000, 0x0000000100000000)
  region size 1024K, 1 young (1024K), 1 survivors (1024K)
 Metaspace       used 83869K, committed 84608K, reserved 1122304K
  class space    used 11311K, committed 11648K, reserved 1048576K
}
Event: 10.134 GC heap before
{Heap before GC invocations=32 (full 0):
 garbage-first heap   total 202752K, used 152131K [0x00000000a0000000, 0x0000000100000000)
  region size 1024K, 52 young (53248K), 1 survivors (1024K)
 Metaspace       used 84417K, committed 85248K, reserved 1122304K
  class space    used 11386K, committed 11776K, reserved 1048576K
}
Event: 10.139 GC heap after
{Heap after GC invocations=33 (full 0):
 garbage-first heap   total 202752K, used 107546K [0x00000000a0000000, 0x0000000100000000)
  region size 1024K, 7 young (7168K), 7 survivors (7168K)
 Metaspace       used 84417K, committed 85248K, reserved 1122304K
  class space    used 11386K, committed 11776K, reserved 1048576K
}
Event: 10.177 GC heap before
{Heap before GC invocations=33 (full 0):
 garbage-first heap   total 202752K, used 109594K [0x00000000a0000000, 0x0000000100000000)
  region size 1024K, 9 young (9216K), 7 survivors (7168K)
 Metaspace       used 84424K, committed 85312K, reserved 1122304K
  class space    used 11388K, committed 11776K, reserved 1048576K
}
Event: 10.180 GC heap after
{Heap after GC invocations=34 (full 0):
 garbage-first heap   total 202752K, used 108129K [0x00000000a0000000, 0x0000000100000000)
  region size 1024K, 1 young (1024K), 1 survivors (1024K)
 Metaspace       used 84424K, committed 85312K, reserved 1122304K
  class space    used 11388K, committed 11776K, reserved 1048576K
}
Event: 10.830 GC heap before
{Heap before GC invocations=34 (full 0):
 garbage-first heap   total 202752K, used 155233K [0x00000000a0000000, 0x0000000100000000)
  region size 1024K, 47 young (48128K), 1 survivors (1024K)
 Metaspace       used 86727K, committed 87680K, reserved 1130496K
  class space    used 11730K, committed 12160K, reserved 1048576K
}
Event: 10.837 GC heap after
{Heap after GC invocations=35 (full 0):
 garbage-first heap   total 202752K, used 115187K [0x00000000a0000000, 0x0000000100000000)
  region size 1024K, 6 young (6144K), 6 survivors (6144K)
 Metaspace       used 86727K, committed 87680K, reserved 1130496K
  class space    used 11730K, committed 12160K, reserved 1048576K
}
Event: 11.331 GC heap before
{Heap before GC invocations=36 (full 0):
 garbage-first heap   total 202752K, used 158195K [0x00000000a0000000, 0x0000000100000000)
  region size 1024K, 48 young (49152K), 6 survivors (6144K)
 Metaspace       used 92199K, committed 93120K, reserved 1130496K
  class space    used 12505K, committed 12928K, reserved 1048576K
}
Event: 11.337 GC heap after
{Heap after GC invocations=37 (full 0):
 garbage-first heap   total 202752K, used 118760K [0x00000000a0000000, 0x0000000100000000)
  region size 1024K, 4 young (4096K), 4 survivors (4096K)
 Metaspace       used 92199K, committed 93120K, reserved 1130496K
  class space    used 12505K, committed 12928K, reserved 1048576K
}
Event: 11.376 GC heap before
{Heap before GC invocations=37 (full 0):
 garbage-first heap   total 202752K, used 123880K [0x00000000a0000000, 0x0000000100000000)
  region size 1024K, 9 young (9216K), 4 survivors (4096K)
 Metaspace       used 92440K, committed 93376K, reserved 1130496K
  class space    used 12529K, committed 12928K, reserved 1048576K
}
Event: 11.380 GC heap after
{Heap after GC invocations=38 (full 0):
 garbage-first heap   total 202752K, used 119868K [0x00000000a0000000, 0x0000000100000000)
  region size 1024K, 2 young (2048K), 2 survivors (2048K)
 Metaspace       used 92440K, committed 93376K, reserved 1130496K
  class space    used 12529K, committed 12928K, reserved 1048576K
}
Event: 11.838 GC heap before
{Heap before GC invocations=38 (full 0):
 garbage-first heap   total 202752K, used 161852K [0x00000000a0000000, 0x0000000100000000)
  region size 1024K, 43 young (44032K), 2 survivors (2048K)
 Metaspace       used 94190K, committed 95168K, reserved 1138688K
  class space    used 12764K, committed 13184K, reserved 1048576K
}
Event: 11.845 GC heap after
{Heap after GC invocations=39 (full 0):
 garbage-first heap   total 202752K, used 127825K [0x00000000a0000000, 0x0000000100000000)
  region size 1024K, 6 young (6144K), 6 survivors (6144K)
 Metaspace       used 94190K, committed 95168K, reserved 1138688K
  class space    used 12764K, committed 13184K, reserved 1048576K
}
Event: 12.121 GC heap before
{Heap before GC invocations=40 (full 0):
 garbage-first heap   total 224256K, used 163665K [0x00000000a0000000, 0x0000000100000000)
  region size 1024K, 41 young (41984K), 6 survivors (6144K)
 Metaspace       used 94850K, committed 95808K, reserved 1138688K
  class space    used 12848K, committed 13248K, reserved 1048576K
}
Event: 12.129 GC heap after
{Heap after GC invocations=41 (full 0):
 garbage-first heap   total 224256K, used 134286K [0x00000000a0000000, 0x0000000100000000)
  region size 1024K, 6 young (6144K), 6 survivors (6144K)
 Metaspace       used 94850K, committed 95808K, reserved 1138688K
  class space    used 12848K, committed 13248K, reserved 1048576K
}
Event: 12.159 GC heap before
{Heap before GC invocations=41 (full 0):
 garbage-first heap   total 224256K, used 138382K [0x00000000a0000000, 0x0000000100000000)
  region size 1024K, 10 young (10240K), 6 survivors (6144K)
 Metaspace       used 95012K, committed 96000K, reserved 1138688K
  class space    used 12863K, committed 13312K, reserved 1048576K
}
Event: 12.163 GC heap after
{Heap after GC invocations=42 (full 0):
 garbage-first heap   total 224256K, used 135067K [0x00000000a0000000, 0x0000000100000000)
  region size 1024K, 2 young (2048K), 2 survivors (2048K)
 Metaspace       used 95012K, committed 96000K, reserved 1138688K
  class space    used 12863K, committed 13312K, reserved 1048576K
}

